{"C:\\Users\\GRIGS\\Virtual Travel Tour Guide Task 1\\backendTSNew\\src\\controller\\feedback.controller.ts": {"path":"C:\\Users\\GRIGS\\Virtual Travel Tour Guide Task 1\\backendTSNew\\src\\controller\\feedback.controller.ts","statementMap":{"0":{"start":{"line":1,"column":0},"end":{"line":1,"column":37}},"1":{"start":{"line":5,"column":0},"end":{"line":5,"column":68}},"2":{"start":{"line":6,"column":0},"end":{"line":6,"column":null}},"3":{"start":{"line":16,"column":24},"end":{"line":16,"column":48}},"4":{"start":{"line":17,"column":37},"end":{"line":17,"column":45}},"5":{"start":{"line":19,"column":2},"end":{"line":47,"column":null}},"6":{"start":{"line":20,"column":24},"end":{"line":20,"column":63}},"7":{"start":{"line":22,"column":4},"end":{"line":24,"column":null}},"8":{"start":{"line":23,"column":6},"end":{"line":23,"column":74}},"9":{"start":{"line":26,"column":21},"end":{"line":29,"column":null}},"10":{"start":{"line":32,"column":4},"end":{"line":32,"column":26}},"11":{"start":{"line":43,"column":4},"end":{"line":43,"column":35}},"12":{"start":{"line":45,"column":4},"end":{"line":45,"column":20}},"13":{"start":{"line":46,"column":4},"end":{"line":46,"column":36}},"14":{"start":{"line":12,"column":0},"end":{"line":12,"column":22}},"15":{"start":{"line":54,"column":2},"end":{"line":69,"column":null}},"16":{"start":{"line":55,"column":26},"end":{"line":55,"column":50}},"17":{"start":{"line":56,"column":24},"end":{"line":56,"column":63}},"18":{"start":{"line":57,"column":4},"end":{"line":59,"column":null}},"19":{"start":{"line":58,"column":6},"end":{"line":58,"column":74}},"20":{"start":{"line":60,"column":21},"end":{"line":60,"column":54}},"21":{"start":{"line":61,"column":4},"end":{"line":63,"column":null}},"22":{"start":{"line":62,"column":6},"end":{"line":62,"column":71}},"23":{"start":{"line":65,"column":4},"end":{"line":65,"column":35}},"24":{"start":{"line":67,"column":4},"end":{"line":67,"column":20}},"25":{"start":{"line":68,"column":4},"end":{"line":68,"column":36}},"26":{"start":{"line":50,"column":0},"end":{"line":50,"column":22}},"27":{"start":{"line":76,"column":2},"end":{"line":90,"column":null}},"28":{"start":{"line":77,"column":19},"end":{"line":77,"column":29}},"29":{"start":{"line":79,"column":21},"end":{"line":79,"column":45}},"30":{"start":{"line":80,"column":4},"end":{"line":82,"column":null}},"31":{"start":{"line":81,"column":6},"end":{"line":81,"column":71}},"32":{"start":{"line":84,"column":4},"end":{"line":86,"column":80}},"33":{"start":{"line":88,"column":4},"end":{"line":88,"column":20}},"34":{"start":{"line":89,"column":4},"end":{"line":89,"column":36}},"35":{"start":{"line":72,"column":0},"end":{"line":72,"column":22}}},"fnMap":{"0":{"name":"createFeedbackHandler","decl":{"start":{"line":12,"column":22},"end":{"line":12,"column":43}},"loc":{"start":{"line":14,"column":46},"end":{"line":48,"column":null}}},"1":{"name":"getFeedbackHandler","decl":{"start":{"line":50,"column":22},"end":{"line":50,"column":40}},"loc":{"start":{"line":52,"column":48},"end":{"line":70,"column":null}}},"2":{"name":"deleteFeedbackHandler","decl":{"start":{"line":72,"column":22},"end":{"line":72,"column":43}},"loc":{"start":{"line":74,"column":68},"end":{"line":91,"column":null}}}},"branchMap":{"0":{"loc":{"start":{"line":22,"column":4},"end":{"line":24,"column":null}},"type":"if","locations":[{"start":{"line":22,"column":4},"end":{"line":24,"column":null}}]},"1":{"loc":{"start":{"line":57,"column":4},"end":{"line":59,"column":null}},"type":"if","locations":[{"start":{"line":57,"column":4},"end":{"line":59,"column":null}}]},"2":{"loc":{"start":{"line":61,"column":4},"end":{"line":63,"column":null}},"type":"if","locations":[{"start":{"line":61,"column":4},"end":{"line":63,"column":null}}]},"3":{"loc":{"start":{"line":80,"column":4},"end":{"line":82,"column":null}},"type":"if","locations":[{"start":{"line":80,"column":4},"end":{"line":82,"column":null}}]}},"s":{"0":1,"1":1,"2":1,"3":1,"4":1,"5":1,"6":1,"7":0,"8":0,"9":0,"10":0,"11":0,"12":0,"13":0,"14":1,"15":0,"16":0,"17":0,"18":0,"19":0,"20":0,"21":0,"22":0,"23":0,"24":0,"25":0,"26":1,"27":0,"28":0,"29":0,"30":0,"31":0,"32":0,"33":0,"34":0,"35":1},"f":{"0":1,"1":0,"2":0},"b":{"0":[0],"1":[0],"2":[0],"3":[0]}}
,"C:\\Users\\GRIGS\\Virtual Travel Tour Guide Task 1\\backendTSNew\\src\\models\\destination.model.ts": {"path":"C:\\Users\\GRIGS\\Virtual Travel Tour Guide Task 1\\backendTSNew\\src\\models\\destination.model.ts","statementMap":{"0":{"start":{"line":1,"column":0},"end":{"line":1,"column":41}},"1":{"start":{"line":4,"column":26},"end":{"line":26,"column":2}},"2":{"start":{"line":28,"column":13},"end":{"line":31,"column":2}}},"fnMap":{},"branchMap":{},"s":{"0":1,"1":1,"2":1},"f":{},"b":{}}
,"C:\\Users\\GRIGS\\Virtual Travel Tour Guide Task 1\\backendTSNew\\src\\models\\feedback.model.ts": {"path":"C:\\Users\\GRIGS\\Virtual Travel Tour Guide Task 1\\backendTSNew\\src\\models\\feedback.model.ts","statementMap":{"0":{"start":{"line":1,"column":0},"end":{"line":1,"column":41}},"1":{"start":{"line":4,"column":23},"end":{"line":22,"column":2}},"2":{"start":{"line":24,"column":13},"end":{"line":24,"column":70}}},"fnMap":{},"branchMap":{},"s":{"0":1,"1":1,"2":1},"f":{},"b":{}}
,"C:\\Users\\GRIGS\\Virtual Travel Tour Guide Task 1\\backendTSNew\\src\\service\\destination.service.ts": {"path":"C:\\Users\\GRIGS\\Virtual Travel Tour Guide Task 1\\backendTSNew\\src\\service\\destination.service.ts","statementMap":{"0":{"start":{"line":8,"column":0},"end":{"line":8,"column":59}},"1":{"start":{"line":14,"column":2},"end":{"line":18,"column":null}},"2":{"start":{"line":15,"column":4},"end":{"line":15,"column":44}},"3":{"start":{"line":17,"column":4},"end":{"line":17,"column":23}},"4":{"start":{"line":11,"column":0},"end":{"line":11,"column":22}},"5":{"start":{"line":22,"column":2},"end":{"line":26,"column":null}},"6":{"start":{"line":23,"column":4},"end":{"line":23,"column":44}},"7":{"start":{"line":25,"column":4},"end":{"line":25,"column":23}},"8":{"start":{"line":21,"column":0},"end":{"line":21,"column":22}},"9":{"start":{"line":32,"column":2},"end":{"line":36,"column":null}},"10":{"start":{"line":33,"column":4},"end":{"line":33,"column":43}},"11":{"start":{"line":35,"column":4},"end":{"line":35,"column":23}},"12":{"start":{"line":29,"column":0},"end":{"line":29,"column":22}},"13":{"start":{"line":43,"column":2},"end":{"line":53,"column":null}},"14":{"start":{"line":44,"column":31},"end":{"line":48,"column":6}},"15":{"start":{"line":50,"column":4},"end":{"line":50,"column":30}},"16":{"start":{"line":52,"column":4},"end":{"line":52,"column":23}},"17":{"start":{"line":39,"column":0},"end":{"line":39,"column":22}},"18":{"start":{"line":59,"column":2},"end":{"line":63,"column":null}},"19":{"start":{"line":60,"column":4},"end":{"line":60,"column":52}},"20":{"start":{"line":62,"column":4},"end":{"line":62,"column":23}},"21":{"start":{"line":56,"column":0},"end":{"line":56,"column":22}}},"fnMap":{"0":{"name":"createDestination","decl":{"start":{"line":11,"column":22},"end":{"line":11,"column":39}},"loc":{"start":{"line":12,"column":21},"end":{"line":19,"column":null}}},"1":{"name":"getDestinations","decl":{"start":{"line":21,"column":22},"end":{"line":21,"column":37}},"loc":{"start":{"line":21,"column":37},"end":{"line":27,"column":null}}},"2":{"name":"getDestinationById","decl":{"start":{"line":29,"column":22},"end":{"line":29,"column":40}},"loc":{"start":{"line":30,"column":12},"end":{"line":37,"column":null}}},"3":{"name":"updateDestination","decl":{"start":{"line":39,"column":22},"end":{"line":39,"column":39}},"loc":{"start":{"line":41,"column":32},"end":{"line":54,"column":null}}},"4":{"name":"deleteDestination","decl":{"start":{"line":56,"column":22},"end":{"line":56,"column":39}},"loc":{"start":{"line":57,"column":12},"end":{"line":64,"column":null}}}},"branchMap":{},"s":{"0":1,"1":0,"2":0,"3":0,"4":1,"5":0,"6":0,"7":0,"8":1,"9":1,"10":1,"11":0,"12":1,"13":0,"14":0,"15":0,"16":0,"17":1,"18":0,"19":0,"20":0,"21":1},"f":{"0":0,"1":0,"2":1,"3":0,"4":0},"b":{}}
,"C:\\Users\\GRIGS\\Virtual Travel Tour Guide Task 1\\backendTSNew\\src\\service\\feedback.service.ts": {"path":"C:\\Users\\GRIGS\\Virtual Travel Tour Guide Task 1\\backendTSNew\\src\\service\\feedback.service.ts","statementMap":{"0":{"start":{"line":1,"column":0},"end":{"line":1,"column":53}},"1":{"start":{"line":9,"column":2},"end":{"line":19,"column":null}},"2":{"start":{"line":10,"column":21},"end":{"line":14,"column":6}},"3":{"start":{"line":16,"column":4},"end":{"line":16,"column":33}},"4":{"start":{"line":18,"column":4},"end":{"line":18,"column":23}},"5":{"start":{"line":4,"column":0},"end":{"line":4,"column":22}},"6":{"start":{"line":25,"column":2},"end":{"line":29,"column":null}},"7":{"start":{"line":26,"column":4},"end":{"line":26,"column":67}},"8":{"start":{"line":28,"column":4},"end":{"line":28,"column":23}},"9":{"start":{"line":22,"column":0},"end":{"line":22,"column":22}},"10":{"start":{"line":33,"column":4},"end":{"line":37,"column":null}},"11":{"start":{"line":34,"column":6},"end":{"line":34,"column":51}},"12":{"start":{"line":36,"column":6},"end":{"line":36,"column":25}},"13":{"start":{"line":32,"column":0},"end":{"line":32,"column":22}}},"fnMap":{"0":{"name":"createFeedback","decl":{"start":{"line":4,"column":22},"end":{"line":4,"column":36}},"loc":{"start":{"line":7,"column":17},"end":{"line":20,"column":null}}},"1":{"name":"getFeedbacks","decl":{"start":{"line":22,"column":22},"end":{"line":22,"column":34}},"loc":{"start":{"line":23,"column":23},"end":{"line":30,"column":null}}},"2":{"name":"deleteFeedback","decl":{"start":{"line":32,"column":22},"end":{"line":32,"column":36}},"loc":{"start":{"line":32,"column":47},"end":{"line":38,"column":null}}}},"branchMap":{},"s":{"0":1,"1":0,"2":0,"3":0,"4":0,"5":1,"6":0,"7":0,"8":0,"9":1,"10":0,"11":0,"12":0,"13":1},"f":{"0":0,"1":0,"2":0},"b":{}}
,"C:\\Users\\GRIGS\\Virtual Travel Tour Guide Task 1\\backendTSNew\\src\\utils\\logger.ts": {"path":"C:\\Users\\GRIGS\\Virtual Travel Tour Guide Task 1\\backendTSNew\\src\\utils\\logger.ts","statementMap":{"0":{"start":{"line":1,"column":0},"end":{"line":1,"column":26}},"1":{"start":{"line":2,"column":0},"end":{"line":2,"column":26}},"2":{"start":{"line":4,"column":12},"end":{"line":15,"column":2}},"3":{"start":{"line":14,"column":19},"end":{"line":14,"column":50}},"4":{"start":{"line":17,"column":0},"end":{"line":17,"column":19}}},"fnMap":{"0":{"name":"(anonymous_1)","decl":{"start":{"line":14,"column":13},"end":{"line":14,"column":16}},"loc":{"start":{"line":14,"column":19},"end":{"line":14,"column":50}}}},"branchMap":{},"s":{"0":1,"1":1,"2":1,"3":1,"4":1},"f":{"0":1},"b":{}}
}
