TN:
SF:src\controller\feedback.controller.ts
FN:12,createFeedbackHandler
FN:50,getFeedbackHandler
FN:72,deleteFeedbackHandler
FNF:3
FNH:3
FNDA:1,createFeedbackHandler
FNDA:1,getFeedbackHandler
FNDA:1,deleteFeedbackHandler
DA:1,1
DA:5,1
DA:6,1
DA:12,1
DA:16,1
DA:17,1
DA:19,1
DA:20,1
DA:22,0
DA:23,0
DA:26,0
DA:32,0
DA:43,0
DA:45,1
DA:46,1
DA:50,1
DA:54,1
DA:55,1
DA:56,1
DA:57,0
DA:58,0
DA:60,0
DA:61,0
DA:62,0
DA:65,0
DA:67,1
DA:68,1
DA:72,1
DA:76,1
DA:77,1
DA:79,1
DA:80,1
DA:81,0
DA:84,1
DA:88,0
DA:89,0
LF:36
LH:22
BRDA:22,0,0,0
BRDA:57,1,0,0
BRDA:61,2,0,0
BRDA:80,3,0,0
BRF:4
BRH:0
end_of_record
TN:
SF:src\models\destination.model.ts
FNF:0
FNH:0
DA:1,1
DA:4,1
DA:28,1
LF:3
LH:3
BRF:0
BRH:0
end_of_record
TN:
SF:src\models\feedback.model.ts
FNF:0
FNH:0
DA:1,1
DA:4,1
DA:24,1
LF:3
LH:3
BRF:0
BRH:0
end_of_record
TN:
SF:src\service\destination.service.ts
FN:11,createDestination
FN:21,getDestinations
FN:29,getDestinationById
FN:39,updateDestination
FN:56,deleteDestination
FNF:5
FNH:1
FNDA:0,createDestination
FNDA:0,getDestinations
FNDA:2,getDestinationById
FNDA:0,updateDestination
FNDA:0,deleteDestination
DA:8,1
DA:11,1
DA:14,0
DA:15,0
DA:17,0
DA:21,1
DA:22,0
DA:23,0
DA:25,0
DA:29,1
DA:32,2
DA:33,2
DA:35,2
DA:39,1
DA:43,0
DA:44,0
DA:50,0
DA:52,0
DA:56,1
DA:59,0
DA:60,0
DA:62,0
LF:22
LH:9
BRF:0
BRH:0
end_of_record
TN:
SF:src\service\feedback.service.ts
FN:4,createFeedback
FN:22,getFeedbacks
FN:32,deleteFeedback
FNF:3
FNH:1
FNDA:0,createFeedback
FNDA:0,getFeedbacks
FNDA:1,deleteFeedback
DA:1,1
DA:4,1
DA:9,0
DA:10,0
DA:16,0
DA:18,0
DA:22,1
DA:25,0
DA:26,0
DA:28,0
DA:32,1
DA:33,1
DA:34,1
DA:36,0
LF:14
LH:6
BRF:0
BRH:0
end_of_record
TN:
SF:src\utils\logger.ts
FN:14,(anonymous_1)
FNF:1
FNH:1
FNDA:3,(anonymous_1)
DA:1,1
DA:2,1
DA:4,1
DA:14,3
DA:17,1
LF:5
LH:5
BRF:0
BRH:0
end_of_record
